[2026-07-10 17:48:51] ===== SETUP START =====
[2026-07-10 17:48:51] (re)create clean venv (py3.12) -> /apdcephfs/private_hynnzhang/ServerFiles/finetune_env312
[2026-07-10 17:49:15] python: Python 3.12.13
[2026-07-10 17:49:15] upgrade pip/setuptools/wheel
      Successfully uninstalled pip-25.0.1
Successfully installed packaging-26.2 pip-26.1.2 setuptools-83.0.0 wheel-0.47.0
[2026-07-10 17:49:43] install torch (cu121) ...
Downloading nvidia_nvjitlink_cu12-12.9.86-py3-none-manylinux2010_x86_64.manylinux_2_12_x86_64.whl (39.7 MB)
   ━━━━━━━━━━━━━━━━━━━━━━━━━━━━━━━━━━━━━━━━ 39.7/39.7 MB 10.3 MB/s  0:00:03
Installing collected packages: mpmath, typing-extensions, sympy, nvidia-nvtx-cu12, nvidia-nvjitlink-cu12, nvidia-nccl-cu12, nvidia-curand-cu12, nvidia-cufft-cu12, nvidia-cuda-runtime-cu12, nvidia-cuda-nvrtc-cu12, nvidia-cuda-cupti-cu12, nvidia-cublas-cu12, networkx, MarkupSafe, fsspec, filelock, triton, nvidia-cusparse-cu12, nvidia-cudnn-cu12, jinja2, nvidia-cusolver-cu12, torch

Successfully installed MarkupSafe-3.0.3 filelock-3.29.0 fsspec-2026.4.0 jinja2-3.1.6 mpmath-1.3.0 networkx-3.6.1 nvidia-cublas-cu12-12.1.3.1 nvidia-cuda-cupti-cu12-12.1.105 nvidia-cuda-nvrtc-cu12-12.1.105 nvidia-cuda-runtime-cu12-12.1.105 nvidia-cudnn-cu12-9.1.0.70 nvidia-cufft-cu12-11.0.2.54 nvidia-curand-cu12-10.3.2.106 nvidia-cusolver-cu12-11.4.5.107 nvidia-cusparse-cu12-12.1.0.106 nvidia-nccl-cu12-2.21.5 nvidia-nvjitlink-cu12-12.9.86 nvidia-nvtx-cu12-12.1.105 sympy-1.13.1 torch-2.5.1+cu121 triton-3.1.0 typing-extensions-4.15.0
[2026-07-10 17:55:29] torch install rc=0
[2026-07-10 17:55:29] install transformers/peft/trl/bitsandbytes/datasets/accelerate/... 
   ━━━━━━━━━━━━━━━━━━━━━━━━━━━━━━━━━━━━━━━━ 1.2/1.2 MB 10.2 MB/s  0:00:00
Downloading markdown_it_py-4.2.0-py3-none-any.whl (91 kB)
Downloading mdurl-0.1.2-py3-none-any.whl (10.0 kB)
Downloading shellingham-1.5.4-py2.py3-none-any.whl (9.8 kB)
Downloading xxhash-3.8.1-cp312-cp312-manylinux2014_x86_64.manylinux_2_17_x86_64.manylinux_2_28_x86_64.whl (220 kB)
Installing collected packages: xxhash, urllib3, tqdm, six, shellingham, safetensors, rpds-py, regex, pyyaml, pyparsing, pygments, pyarrow, psutil, propcache, pillow, numpy, multidict, mdurl, kiwisolver, idna, hf-xet, h11, frozenlist, fonttools, dill, cycler, click, charset_normalizer, certifi, attrs, annotated-doc, aiohappyeyeballs, yarl, requests, referencing, python-dateutil, multiprocess, markdown-it-py, httpcore, contourpy, anyio, aiosignal, rich, pandas, matplotlib, jsonschema-specifications, httpx, aiohttp, typer, jsonschema, huggingface-hub, bitsandbytes, tokenizers, datasets, accelerate, transformers, trl, peft

Successfully installed accelerate-1.14.0 aiohappyeyeballs-2.7.1 aiohttp-3.14.1 aiosignal-1.4.0 annotated-doc-0.0.4 anyio-4.14.1 attrs-26.1.0 bitsandbytes-0.49.2 certifi-2026.6.17 charset_normalizer-3.4.9 click-8.4.2 contourpy-1.3.3 cycler-0.12.1 datasets-5.0.0 dill-0.4.1 fonttools-4.63.0 frozenlist-1.8.0 h11-0.16.0 hf-xet-1.5.1 httpcore-1.0.9 httpx-0.28.1 huggingface-hub-1.23.0 idna-3.18 jsonschema-4.26.0 jsonschema-specifications-2025.9.1 kiwisolver-1.5.0 markdown-it-py-4.2.0 matplotlib-3.11.0 mdurl-0.1.2 multidict-6.7.1 multiprocess-0.70.19 numpy-2.5.1 pandas-3.0.3 peft-0.19.1 pillow-12.3.0 propcache-0.5.2 psutil-7.2.2 pyarrow-25.0.0 pygments-2.20.0 pyparsing-3.3.2 python-dateutil-2.9.0.post0 pyyaml-6.0.3 referencing-0.37.0 regex-2026.6.28 requests-2.34.2 rich-15.0.0 rpds-py-2026.6.3 safetensors-0.8.0 shellingham-1.5.4 six-1.17.0 tokenizers-0.22.2 tqdm-4.68.4 transformers-5.13.0 trl-1.8.0 typer-0.26.8 urllib3-2.7.0 xxhash-3.8.1 yarl-1.24.2
[2026-07-10 17:59:30] deps install rc=0
[2026-07-10 17:59:30] freeze -> /apdcephfs/private_hynnzhang/ServerFiles/finetune/logs/env_freeze.txt
[2026-07-10 17:59:32] ===== VERIFY =====
torch     : 2.5.1+cu121 | cuda 12.1 | avail True
device    : NVIDIA H20 | sm_ 90
bf16 matmul OK, sum= 9.91
transformers: 5.13.0
peft        : 0.19.1
trl         : 1.8.0
bitsandbytes: 0.49.2
datasets    : 5.0.0
accelerate  : 1.14.0
safetensors : 0.8.0
tokenizers  : 0.22.2
numpy       : 2.5.1
[2026-07-10 18:01:02] ===== SETUP DONE =====
